<?xml version="1.0" encoding="UTF-8"?>
<!-- Generated by org.testng.reporters.JUnitReportReporter -->
<testsuite hostname="DESKTOP-SBPSD0C" failures="0" tests="3" name="MagentoTsetCases.myTestCases" time="18.779" errors="0" timestamp="2023-12-04T16:40:38 EET" skipped="0">
  <testcase classname="MagentoTsetCases.myTestCases" name="SignupTestCase" time="7.105"/>
  <system-out/>
  <testcase classname="MagentoTsetCases.myTestCases" name="LogoutTestCase" time="8.306"/>
  <system-out/>
  <testcase classname="MagentoTsetCases.myTestCases" name="LoginTestCase" time="3.368"/>
  <system-out/>
</testsuite> <!-- MagentoTsetCases.myTestCases -->
